<?xml version="1.0" encoding="UTF-8"?>
<!-- Generated by org.testng.reporters.JUnitXMLReporter -->
<testsuite ignored="0" hostname="DESKTOP-92M34R1" failures="0" tests="4" name="Test" time="150.255" errors="0" timestamp="2025-04-30T15:13:03 IST">
  <testcase classname="palywright.Practice1" name="OpenCloseBrowser" time="51.063"/>
  <testcase classname="palywright.Practice2" name="locatorPractice" time="23.874"/>
  <testcase classname="palywright.Practice3" name="mouseoperations" time="30.316"/>
  <testcase classname="palywright.Practice4" name="handlingdropdown" time="44.787"/>
</testsuite> <!-- Test -->
