<?xml version="1.0" encoding="UTF-8"?>
<testng-results ignored="0" total="1" passed="1" failed="0" skipped="0">
  <reporter-output>
  </reporter-output>
  <suite started-at="2025-05-07T18:06:02 IST" name="Default suite" finished-at="2025-05-07T18:07:53 IST" duration-ms="110867">
    <groups>
    </groups>
    <test started-at="2025-05-07T18:06:02 IST" name="Default test" finished-at="2025-05-07T18:07:53 IST" duration-ms="110867">
      <class name="palywright.Practice6">
        <test-method signature="screenshotPractice()[pri:0, instance:palywright.Practice6@57d7f8ca]" started-at="2025-05-07T18:06:02 IST" name="screenshotPractice" finished-at="2025-05-07T18:07:53 IST" duration-ms="110801" status="PASS">
          <reporter-output>
          </reporter-output>
        </test-method> <!-- screenshotPractice -->
      </class> <!-- palywright.Practice6 -->
    </test> <!-- Default test -->
  </suite> <!-- Default suite -->
</testng-results>
